{"logTime": "1216/231253", "correlationVector":"LKytY/sjY7/RGtWfzKjjin.1","action":"SyncServerConnectionManagerRequest", "result":"SYNC_SERVER_OK", "context":{"environment":"Prod_EastUS2_000e", "migrationStage":"NotStarted", "server":"GENERAL0100002H"}}
{"logTime": "1216/231253", "correlationVector":"Lw5goDfxvhRHJBW6aCXs+P","action":"SyncServerConnectionManagerRequest", "result":"SYNC_SERVER_OK", "context":{"environment":"", "migrationStage":"", "server":""}}
{"logTime": "1216/231253", "correlationVector":"LKytY/sjY7/RGtWfzKjjin","action":"Initial GetUpdates", "result":"", "context":Reason: NEW_CLIENT. cV=LKytY/sjY7/RGtWfzKjjin}
{"logTime": "1216/231253", "correlationVector":"LKytY/sjY7/RGtWfzKjjin.2","action":"GetUpdates Response", "result":"Success", "context":Received 1 update(s). cV=LKytY/sjY7/RGtWfzKjjin.0;server=GENERAL0100002H;cloudType=Consumer;environment=Prod_EastUS2_000e;migrationStage=NotStarted}
{"logTime": "1216/231253", "correlationVector":"qnNcitT1dS8r0CgJ1IEM9M","action":"Initial GetUpdates", "result":"", "context":Reason: NEW_CLIENT. cV=qnNcitT1dS8r0CgJ1IEM9M}
{"logTime": "1216/231254", "correlationVector":"qnNcitT1dS8r0CgJ1IEM9M.1","action":"SyncServerConnectionManagerRequest", "result":"SYNC_SERVER_OK", "context":{"environment":"Prod_EastUS2_000e", "migrationStage":"NotStarted", "server":"GENERAL01000014"}}
{"logTime": "1216/231254", "correlationVector":"qnNcitT1dS8r0CgJ1IEM9M.2","action":"GetUpdates Response", "result":"Success", "context":Received 94 update(s). cV=qnNcitT1dS8r0CgJ1IEM9M.0;server=GENERAL01000014;cloudType=Consumer;environment=Prod_EastUS2_000e;migrationStage=NotStarted}
{"logTime": "1216/231254", "correlationVector":"cX3CpqA7Svc3I8n7pF5ylw","action":"SyncServerConnectionManagerRequest", "result":"SYNC_SERVER_OK", "context":{"environment":"", "migrationStage":"", "server":""}}
{"logTime": "1216/231254", "correlationVector":"MQHgQ/Atp2ff7/kCl2RAjS","action":"Initial GetUpdates", "result":"", "context":Reason: NEW_CLIENT. cV=MQHgQ/Atp2ff7/kCl2RAjS}
{"logTime": "1216/231254", "correlationVector":"MQHgQ/Atp2ff7/kCl2RAjS.1","action":"SyncServerConnectionManagerRequest", "result":"SYNC_SERVER_OK", "context":{"environment":"Prod_EastUS2_000e", "migrationStage":"NotStarted", "server":"general0100002F"}}
{"logTime": "1216/231254", "correlationVector":"MQHgQ/Atp2ff7/kCl2RAjS.2","action":"GetUpdates Response", "result":"Success", "context":Received 92 update(s). cV=MQHgQ/Atp2ff7/kCl2RAjS.0;server=general0100002F;cloudType=Consumer;environment=Prod_EastUS2_000e;migrationStage=NotStarted}
{"logTime": "1216/231254", "correlationVector":"0iXPk3QEg3ebhBcuq11gmK","action":"SyncServerConnectionManagerRequest", "result":"SYNC_SERVER_OK", "context":{"environment":"", "migrationStage":"", "server":""}}
{"logTime": "1216/231254", "correlationVector":"Gt65WuiQihFenZDj2xj0vn","action":"Initial GetUpdates", "result":"", "context":Reason: NEW_CLIENT. cV=Gt65WuiQihFenZDj2xj0vn}
{"logTime": "1216/231255", "correlationVector":"Gt65WuiQihFenZDj2xj0vn.1","action":"SyncServerConnectionManagerRequest", "result":"SYNC_SERVER_OK", "context":{"environment":"Prod_EastUS2_000e", "migrationStage":"NotStarted", "server":"GENERAL01000010"}}
{"logTime": "1216/231255", "correlationVector":"Gt65WuiQihFenZDj2xj0vn.2","action":"GetUpdates Response", "result":"Success", "context":Received 47 update(s). cV=Gt65WuiQihFenZDj2xj0vn.0;server=GENERAL01000010;cloudType=Consumer;environment=Prod_EastUS2_000e;migrationStage=NotStarted}
{"logTime": "1216/231255", "correlationVector":"94VUQEE4Wx/OYtAtk67aMT","action":"SyncServerConnectionManagerRequest", "result":"SYNC_SERVER_OK", "context":{"environment":"", "migrationStage":"", "server":""}}
{"logTime": "1216/231255", "correlationVector":"OeC3HIULTxH3zgkCyPLiiF","action":"Normal GetUpdate request", "result":"", "context":cV=OeC3HIULTxH3zgkCyPLiiF
Nudged types: Typed URLs, Sessions, Device Info, User Consents
Refresh requested types: Bookmarks, Preferences, Typed URLs, Extensions, Sessions, Extension settings, History Delete Directives, Device Info, User Consents, Send Tab To Self, Web Apps, Collection, Edge E Drop, Edge Hub App Usage, Edge Tab Group, Edge Wallet, Encryption Keys}
{"logTime": "1216/231255", "correlationVector":"OeC3HIULTxH3zgkCyPLiiF.1","action":"SyncServerConnectionManagerRequest", "result":"SYNC_SERVER_OK", "context":{"environment":"Prod_EastUS2_000e", "migrationStage":"NotStarted", "server":"GENERAL01000003"}}
{"logTime": "1216/231255", "correlationVector":"OeC3HIULTxH3zgkCyPLiiF.2","action":"GetUpdates Response", "result":"Success", "context":Received 0 update(s). cV=OeC3HIULTxH3zgkCyPLiiF.0;server=GENERAL01000003;cloudType=Consumer;environment=Prod_EastUS2_000e;migrationStage=NotStarted}
{"logTime": "1216/231255", "correlationVector":"ng0KTIj+fs/HPdIt8LroJ+","action":"Commit Request", "result":"", "context":Item count: 6
Contributing types: Typed URLs, Sessions, Device Info, User Consents}
{"logTime": "1216/231256", "correlationVector":"ng0KTIj+fs/HPdIt8LroJ+.1","action":"SyncServerConnectionManagerRequest", "result":"SYNC_SERVER_OK", "context":{"environment":"Prod_EastUS2_000e", "migrationStage":"NotStarted", "server":"GENERAL0100000C"}}
{"logTime": "1216/231256", "correlationVector":"ng0KTIj+fs/HPdIt8LroJ+.2","action":"Commit Response", "result":"Success", "context":Result: Success. cV=ng0KTIj+fs/HPdIt8LroJ+.0;server=GENERAL0100000C;cloudType=Consumer;environment=Prod_EastUS2_000e;migrationStage=NotStarted}
{"logTime": "1216/231256", "correlationVector":"nyPDqGSIlE45nM9KZZEN2A","action":"SyncServerConnectionManagerRequest", "result":"SYNC_SERVER_OK", "context":{"environment":"", "migrationStage":"", "server":""}}
{"logTime": "1216/231329", "correlationVector":"7ZXLiWJD1bHQGaoDfA/F3B","action":"Commit Request", "result":"", "context":Item count: 1
Contributing types: Sessions}
{"logTime": "1216/231329", "correlationVector":"7ZXLiWJD1bHQGaoDfA/F3B.1","action":"SyncServerConnectionManagerRequest", "result":"SYNC_SERVER_OK", "context":{"environment":"Prod_EastUS2_000e", "migrationStage":"NotStarted", "server":"GENERAL0100002I"}}
{"logTime": "1216/231329", "correlationVector":"7ZXLiWJD1bHQGaoDfA/F3B.2","action":"Commit Response", "result":"Success", "context":Result: Success. cV=7ZXLiWJD1bHQGaoDfA/F3B.0;server=GENERAL0100002I;cloudType=Consumer;environment=Prod_EastUS2_000e;migrationStage=NotStarted}
{"logTime": "1216/232124", "correlationVector":"4xFP3NIw0QgdTruRDciJby.1","action":"SyncServerConnectionManagerRequest", "result":"SYNC_SERVER_OK", "context":{"environment":"Prod_EastUS2_000e", "migrationStage":"NotStarted", "server":"GENERAL0100002D"}}
{"logTime": "1216/232124", "correlationVector":"u+j+BvyVY+fhReVtbB0CcT","action":"SyncServerConnectionManagerRequest", "result":"SYNC_SERVER_OK", "context":{"environment":"", "migrationStage":"", "server":""}}
{"logTime": "1216/232124", "correlationVector":"4xFP3NIw0QgdTruRDciJby","action":"Initial GetUpdates", "result":"", "context":Reason: NEW_CLIENT. cV=4xFP3NIw0QgdTruRDciJby}
{"logTime": "1216/232124", "correlationVector":"4xFP3NIw0QgdTruRDciJby.2","action":"GetUpdates Response", "result":"Success", "context":Received 1 update(s). cV=4xFP3NIw0QgdTruRDciJby.0;server=GENERAL0100002D;cloudType=Consumer;environment=Prod_EastUS2_000e;migrationStage=NotStarted}
{"logTime": "1216/232124", "correlationVector":"qwgNomauLaPxrQMshxxgVK","action":"Normal GetUpdate request", "result":"", "context":cV=qwgNomauLaPxrQMshxxgVK
Nudged types: Sessions
Refresh requested types: Bookmarks, Preferences, Typed URLs, Extensions, Sessions, Extension settings, History Delete Directives, Device Info, User Consents, Send Tab To Self, Web Apps, Collection, Edge E Drop, Edge Hub App Usage, Edge Tab Group, Edge Wallet, Encryption Keys}
{"logTime": "1216/232124", "correlationVector":"qwgNomauLaPxrQMshxxgVK.1","action":"SyncServerConnectionManagerRequest", "result":"SYNC_SERVER_OK", "context":{"environment":"Prod_EastUS2_000e", "migrationStage":"NotStarted", "server":"GENERAL01000018"}}
{"logTime": "1216/232124", "correlationVector":"qwgNomauLaPxrQMshxxgVK.2","action":"GetUpdates Response", "result":"Success", "context":Received 4 update(s). cV=qwgNomauLaPxrQMshxxgVK.0;server=GENERAL01000018;cloudType=Consumer;environment=Prod_EastUS2_000e;migrationStage=NotStarted}
{"logTime": "1216/232124", "correlationVector":"DfbwAf0ha2t1MzcEIkWfCJ","action":"DoCompareDataConsistency requsted types: ", "result":"Bookmarks, Preferences, Typed URLs, Extensions, Extension settings, History Delete Directives, Send Tab To Self, Web Apps, Collection, Edge E Drop, Edge Tab Group, Edge Wallet, Encryption Keys"}
{"logTime": "1216/232124", "correlationVector":"DfbwAf0ha2t1MzcEIkWfCJ.0","action":"CompareDataConsistency result: ", "result":"Compare result: Encryption Keys is consistent. local entities count is: 1 local entities hash is: bz6MXV/EKDBwTQGAMZ83ux0RN9Q="}
{"logTime": "1216/232124", "correlationVector":"DfbwAf0ha2t1MzcEIkWfCJ.1","action":"CompareDataConsistency result: ", "result":"Compare result: Bookmarks is consistent. local entities count is: 90 local entities hash is: NnYze/zO1+Ve9VpJvca6TuTTu7I="}
{"logTime": "1216/232124", "correlationVector":"DfbwAf0ha2t1MzcEIkWfCJ.2","action":"CompareDataConsistency result: ", "result":"Compare result: Preferences is consistent. local entities count is: 60 local entities hash is: l6s7elrWAGFy+nEF19IbNy3nZi4="}
{"logTime": "1216/232124", "correlationVector":"DfbwAf0ha2t1MzcEIkWfCJ.3","action":"CompareDataConsistency result: ", "result":"Server did not send this Typed URLs local entities count is: 6 local entities hash is: YZbjj4CbVQaI6sheBdCHJGg/P5I="}
{"logTime": "1216/232124", "correlationVector":"DfbwAf0ha2t1MzcEIkWfCJ.4","action":"CompareDataConsistency result: ", "result":"Compare result: Extensions is consistent. local entities count is: 4 local entities hash is: VVDMiowAa/hdm6K2EXDyt5HsMPE="}
{"logTime": "1216/232124", "correlationVector":"DfbwAf0ha2t1MzcEIkWfCJ.5","action":"CompareDataConsistency result: ", "result":"Compare result: Extension settings is consistent. local entities count is: 0 local entities hash is: "}
{"logTime": "1216/232124", "correlationVector":"DfbwAf0ha2t1MzcEIkWfCJ.6","action":"CompareDataConsistency result: ", "result":"Compare result: History Delete Directives is consistent. local entities count is: 0 local entities hash is: "}
{"logTime": "1216/232124", "correlationVector":"DfbwAf0ha2t1MzcEIkWfCJ.7","action":"CompareDataConsistency result: ", "result":"Server did not send this Send Tab To Self local entities count is: 0 local entities hash is: "}
{"logTime": "1216/232124", "correlationVector":"DfbwAf0ha2t1MzcEIkWfCJ.8","action":"CompareDataConsistency result: ", "result":"Compare result: Web Apps is consistent. local entities count is: 1 local entities hash is: 47Gut6CZcWQamoEr4t1tWxHI1HM="}
{"logTime": "1216/232124", "correlationVector":"DfbwAf0ha2t1MzcEIkWfCJ.9","action":"CompareDataConsistency result: ", "result":"Compare result: Collection is consistent. local entities count is: 0 local entities hash is: "}
{"logTime": "1216/232124", "correlationVector":"DfbwAf0ha2t1MzcEIkWfCJ.10","action":"CompareDataConsistency result: ", "result":"Compare result: Edge E Drop is consistent. local entities count is: 0 local entities hash is: "}
{"logTime": "1216/232124", "correlationVector":"DfbwAf0ha2t1MzcEIkWfCJ.11","action":"CompareDataConsistency result: ", "result":"Compare result: Edge Tab Group is consistent. local entities count is: 0 local entities hash is: "}
{"logTime": "1216/232124", "correlationVector":"DfbwAf0ha2t1MzcEIkWfCJ.12","action":"CompareDataConsistency result: ", "result":"Compare result: Edge Wallet is consistent. local entities count is: 0 local entities hash is: "}
{"logTime": "1216/232124", "correlationVector":"yJ87SFU4c3S0rbHiZQn/Sc","action":"Commit Request", "result":"", "context":Item count: 3
Contributing types: Sessions}
{"logTime": "1216/232125", "correlationVector":"yJ87SFU4c3S0rbHiZQn/Sc.1","action":"SyncServerConnectionManagerRequest", "result":"SYNC_SERVER_OK", "context":{"environment":"Prod_EastUS2_000e", "migrationStage":"NotStarted", "server":"GENERAL0100002U"}}
{"logTime": "1216/232125", "correlationVector":"yJ87SFU4c3S0rbHiZQn/Sc.2","action":"Commit Response", "result":"Success", "context":Result: Success. cV=yJ87SFU4c3S0rbHiZQn/Sc.0;server=GENERAL0100002U;cloudType=Consumer;environment=Prod_EastUS2_000e;migrationStage=NotStarted}
{"logTime": "1216/232125", "correlationVector":"scuFRJdBCSk3ovVMauleg4","action":"SyncServerConnectionManagerRequest", "result":"SYNC_SERVER_OK", "context":{"environment":"", "migrationStage":"", "server":""}}
{"logTime": "1216/232125", "correlationVector":"","action":"DIAGNOSTIC_REQUEST|v1/diagnosticData/Diagnostic.SendCheckResult()|SUCCESS", "result":""}
